<?xml version="1.0" encoding="UTF-8"?>
<!-- Generated by org.testng.reporters.JUnitReportReporter -->
<testsuite hostname="VYMO-IT-LPT-638" failures="0" tests="1" name="sample.Tester" time="0.012" errors="0" timestamp="2023-04-03T10:17:02 IST" skipped="0">
  <testcase classname="sample.Tester" name="test" time="0.012"/>
  <system-out/>
</testsuite> <!-- sample.Tester -->
