<?xml version="1.0" encoding="UTF-8"?>
<!-- Generated by org.testng.reporters.JUnitReportReporter -->
<testsuite hostname="VYMO-IT-LPT-638" failures="0" tests="1" name="sample.Testing" time="0.012" errors="0" timestamp="2023-04-03T10:13:50 IST" skipped="0">
  <testcase classname="sample.Testing" name="excute" time="0.012"/>
  <system-out/>
</testsuite> <!-- sample.Testing -->
