<?xml version="1.0" encoding="UTF-8"?>
<!-- Generated by org.testng.reporters.JUnitReportReporter -->
<testsuite hostname="VYMO-IT-LPT-638" failures="0" tests="1" name="sample.Lunch" time="0.012" errors="0" timestamp="2023-03-31T17:10:36 IST" skipped="0">
  <testcase classname="sample.Lunch" name="test4" time="0.012"/>
  <system-out/>
</testsuite> <!-- sample.Lunch -->
