<?xml version="1.0" encoding="UTF-8"?>
<!-- Generated by org.testng.reporters.JUnitReportReporter -->
<testsuite hostname="VYMO-IT-LPT-638" failures="0" tests="1" name="sample.Develop" time="0.013" errors="0" timestamp="2023-04-03T09:46:17 IST" skipped="0">
  <testcase classname="sample.Develop" name="test22" time="0.013"/>
  <system-out/>
</testsuite> <!-- sample.Develop -->
