<?xml version="1.0" encoding="UTF-8"?>
<!-- Generated by org.testng.reporters.JUnitReportReporter -->
<testsuite hostname="VYMO-IT-LPT-638" failures="0" tests="1" name="sample.Ts_01" time="0.006" errors="0" timestamp="2023-03-31T16:05:18 IST" skipped="0">
  <testcase classname="sample.Ts_01" name="test1" time="0.006"/>
  <system-out/>
</testsuite> <!-- sample.Ts_01 -->
